# JRE version: Java(TM) SE Runtime Environment (17.0.9+11) (build 17.0.9+11-LTS-201)
# Java VM: Java HotSpot(TM) 64-Bit Server VM (17.0.9+11-LTS-201, mixed mode, sharing, tiered, compressed oops, compressed class ptrs, g1 gc, windows-amd64)
GC Precious Log:
 CPUs: 16 total, 16 available
 Memory: 16276M
 Large Page Support: Disabled
 NUMA Support: Disabled
 Compressed Oops: Enabled (32-bit)
 Heap Region Size: 1M
 Heap Min Capacity: 256M
 Heap Initial Capacity: 256M
 Heap Max Capacity: 512M
 Pre-touch: Disabled
 Parallel Workers: 13
 Concurrent Workers: 3
 Concurrent Refinement Workers: 13
 Periodic GC: Disabled
Heap:
 garbage-first heap   total 524288K, used 341351K [0x00000000e0000000, 0x0000000100000000)
  region size 1024K, 10 young (10240K), 2 survivors (2048K)
 Metaspace       used 69599K, committed 70272K, reserved 393216K
  class space    used 9487K, committed 9792K, reserved 327680K
GC Heap History (20 events):
Event: 405.412 GC heap before
{Heap before GC invocations=51 (full 0):
 garbage-first heap   total 524288K, used 443784K [0x00000000e0000000, 0x0000000100000000)
  region size 1024K, 28 young (28672K), 4 survivors (4096K)
 Metaspace       used 67977K, committed 68608K, reserved 393216K
  class space    used 9254K, committed 9536K, reserved 327680K
}
Event: 405.415 GC heap after
{Heap after GC invocations=52 (full 0):
 garbage-first heap   total 524288K, used 421586K [0x00000000e0000000, 0x0000000100000000)
  region size 1024K, 1 young (1024K), 1 survivors (1024K)
 Metaspace       used 67977K, committed 68608K, reserved 393216K
  class space    used 9254K, committed 9536K, reserved 327680K
}
Event: 406.104 GC heap before
{Heap before GC invocations=53 (full 0):
 garbage-first heap   total 524288K, used 455378K [0x00000000e0000000, 0x0000000100000000)
  region size 1024K, 28 young (28672K), 1 survivors (1024K)
 Metaspace       used 69897K, committed 70528K, reserved 393216K
  class space    used 9490K, committed 9792K, reserved 327680K
}
Event: 406.108 GC heap after
{Heap after GC invocations=54 (full 0):
 garbage-first heap   total 524288K, used 435193K [0x00000000e0000000, 0x0000000100000000)
  region size 1024K, 4 young (4096K), 4 survivors (4096K)
 Metaspace       used 69897K, committed 70528K, reserved 393216K
  class space    used 9490K, committed 9792K, reserved 327680K
}
Event: 406.215 GC heap before
{Heap before GC invocations=54 (full 0):
 garbage-first heap   total 524288K, used 456697K [0x00000000e0000000, 0x0000000100000000)
  region size 1024K, 25 young (25600K), 4 survivors (4096K)
 Metaspace       used 69897K, committed 70528K, reserved 393216K
  class space    used 9490K, committed 9792K, reserved 327680K
}
Event: 406.225 GC heap after
{Heap after GC invocations=55 (full 0):
 garbage-first heap   total 524288K, used 448629K [0x00000000e0000000, 0x0000000100000000)
  region size 1024K, 4 young (4096K), 4 survivors (4096K)
 Metaspace       used 69897K, committed 70528K, reserved 393216K
  class space    used 9490K, committed 9792K, reserved 327680K
}
Event: 406.762 GC heap before
{Heap before GC invocations=55 (full 0):
 garbage-first heap   total 524288K, used 470133K [0x00000000e0000000, 0x0000000100000000)
  region size 1024K, 25 young (25600K), 4 survivors (4096K)
 Metaspace       used 69899K, committed 70528K, reserved 393216K
  class space    used 9490K, committed 9792K, reserved 327680K
}
Event: 406.770 GC heap after
{Heap after GC invocations=56 (full 0):
 garbage-first heap   total 524288K, used 462702K [0x00000000e0000000, 0x0000000100000000)
  region size 1024K, 4 young (4096K), 4 survivors (4096K)
 Metaspace       used 69899K, committed 70528K, reserved 393216K
  class space    used 9490K, committed 9792K, reserved 327680K
}
Event: 406.986 GC heap before
{Heap before GC invocations=56 (full 0):
 garbage-first heap   total 524288K, used 477038K [0x00000000e0000000, 0x0000000100000000)
  region size 1024K, 25 young (25600K), 4 survivors (4096K)
 Metaspace       used 68312K, committed 69568K, reserved 393216K
  class space    used 9301K, committed 9728K, reserved 327680K
}
Event: 406.989 GC heap after
{Heap after GC invocations=57 (full 0):
 garbage-first heap   total 524288K, used 455141K [0x00000000e0000000, 0x0000000100000000)
  region size 1024K, 2 young (2048K), 2 survivors (2048K)
 Metaspace       used 68312K, committed 69568K, reserved 393216K
  class space    used 9301K, committed 9728K, reserved 327680K
}
Event: 407.129 GC heap before
{Heap before GC invocations=58 (full 0):
 garbage-first heap   total 524288K, used 477669K [0x00000000e0000000, 0x0000000100000000)
  region size 1024K, 25 young (25600K), 2 survivors (2048K)
 Metaspace       used 68472K, committed 69568K, reserved 393216K
  class space    used 9333K, committed 9728K, reserved 327680K
}
Event: 407.132 GC heap after
{Heap after GC invocations=59 (full 0):
 garbage-first heap   total 524288K, used 455556K [0x00000000e0000000, 0x0000000100000000)
  region size 1024K, 2 young (2048K), 2 survivors (2048K)
 Metaspace       used 68472K, committed 69568K, reserved 393216K
  class space    used 9333K, committed 9728K, reserved 327680K
}
Event: 1541.465 GC heap before
{Heap before GC invocations=59 (full 0):
 garbage-first heap   total 524288K, used 478084K [0x00000000e0000000, 0x0000000100000000)
  region size 1024K, 25 young (25600K), 2 survivors (2048K)
 Metaspace       used 68592K, committed 69632K, reserved 393216K
  class space    used 9335K, committed 9728K, reserved 327680K
}
Event: 1541.467 GC heap after
{Heap after GC invocations=60 (full 0):
 garbage-first heap   total 524288K, used 402185K [0x00000000e0000000, 0x0000000100000000)
  region size 1024K, 2 young (2048K), 2 survivors (2048K)
 Metaspace       used 68592K, committed 69632K, reserved 393216K
  class space    used 9335K, committed 9728K, reserved 327680K
}
Event: 2525.172 GC heap before
{Heap before GC invocations=60 (full 0):
 garbage-first heap   total 524288K, used 425737K [0x00000000e0000000, 0x0000000100000000)
  region size 1024K, 25 young (25600K), 2 survivors (2048K)
 Metaspace       used 68831K, committed 69696K, reserved 393216K
  class space    used 9355K, committed 9728K, reserved 327680K
}
Event: 2525.175 GC heap after
{Heap after GC invocations=61 (full 0):
 garbage-first heap   total 524288K, used 350306K [0x00000000e0000000, 0x0000000100000000)
  region size 1024K, 2 young (2048K), 2 survivors (2048K)
 Metaspace       used 68831K, committed 69696K, reserved 393216K
  class space    used 9355K, committed 9728K, reserved 327680K
}
Event: 3891.464 GC heap before
{Heap before GC invocations=61 (full 0):
 garbage-first heap   total 524288K, used 373858K [0x00000000e0000000, 0x0000000100000000)
  region size 1024K, 25 young (25600K), 2 survivors (2048K)
 Metaspace       used 68896K, committed 69696K, reserved 393216K
  class space    used 9355K, committed 9728K, reserved 327680K
}
Event: 3891.485 GC heap after
{Heap after GC invocations=62 (full 0):
 garbage-first heap   total 524288K, used 323520K [0x00000000e0000000, 0x0000000100000000)
  region size 1024K, 2 young (2048K), 2 survivors (2048K)
 Metaspace       used 68896K, committed 69696K, reserved 393216K
  class space    used 9355K, committed 9728K, reserved 327680K
}
Event: 6924.684 GC heap before
{Heap before GC invocations=62 (full 0):
 garbage-first heap   total 524288K, used 380864K [0x00000000e0000000, 0x0000000100000000)
  region size 1024K, 59 young (60416K), 2 survivors (2048K)
 Metaspace       used 69032K, committed 69760K, reserved 393216K
  class space    used 9376K, committed 9728K, reserved 327680K
}
Event: 6924.689 GC heap after
{Heap after GC invocations=63 (full 0):
 garbage-first heap   total 524288K, used 323943K [0x00000000e0000000, 0x0000000100000000)
  region size 1024K, 2 young (2048K), 2 survivors (2048K)
 Metaspace       used 69032K, committed 69760K, reserved 393216K
  class space    used 9376K, committed 9728K, reserved 327680K
}

